[debug] [2023-10-28T04:02:04.664Z] ----------------------------------------------------------------------
[debug] [2023-10-28T04:02:04.665Z] Command:       C:\Program Files\nodejs\node.exe D:\my-secret\sasa-tition\node_modules\firebase-tools\lib\bin\firebase.js emulators:start
[debug] [2023-10-28T04:02:04.665Z] CLI Version:   12.7.0
[debug] [2023-10-28T04:02:04.666Z] Platform:      win32
[debug] [2023-10-28T04:02:04.666Z] Node Version:  v18.18.2
[debug] [2023-10-28T04:02:04.666Z] Time:          Sat Oct 28 2023 11:02:04 GMT+0700 (Indochina Time)
[debug] [2023-10-28T04:02:04.666Z] ----------------------------------------------------------------------
[debug] 
[debug] [2023-10-28T04:02:04.755Z] > command requires scopes: ["email","openid","https://www.googleapis.com/auth/cloudplatformprojects.readonly","https://www.googleapis.com/auth/firebase","https://www.googleapis.com/auth/cloud-platform"]
[debug] [2023-10-28T04:02:04.756Z] > authorizing via signed-in user (ngoctranbk95@gmail.com)
[debug] [2023-10-28T04:02:04.918Z] java version "21.0.1" 2023-10-17 LTS
Java(TM) SE Runtime Environment (build 21.0.1+12-LTS-29)

[debug] [2023-10-28T04:02:04.919Z] Java HotSpot(TM) 64-Bit Server VM (build 21.0.1+12-LTS-29, mixed mode, sharing)

[debug] [2023-10-28T04:02:04.954Z] Parsed Java major version: 21
[info] i  emulators: Starting emulators: auth, firestore {"metadata":{"emulator":{"name":"hub"},"message":"Starting emulators: auth, firestore"}}
[debug] [2023-10-28T04:02:04.963Z] [logging] Logging Emulator only supports listening on one address (127.0.0.1). Not listening on ::1
[debug] [2023-10-28T04:02:04.963Z] [auth] Authentication Emulator only supports listening on one address (127.0.0.1). Not listening on ::1
[debug] [2023-10-28T04:02:04.963Z] [firestore] Firestore Emulator only supports listening on one address (127.0.0.1). Not listening on ::1
[debug] [2023-10-28T04:02:04.963Z] [firestore.websocket] websocket server for firestore only supports listening on one address (127.0.0.1). Not listening on ::1
[debug] [2023-10-28T04:02:04.963Z] assigned listening specs for emulators {"user":{"hub":[{"address":"127.0.0.1","family":"IPv4","port":4400},{"address":"::1","family":"IPv6","port":4400}],"ui":[{"address":"127.0.0.1","family":"IPv4","port":4000},{"address":"::1","family":"IPv6","port":4000}],"logging":[{"address":"127.0.0.1","family":"IPv4","port":4500}],"auth":[{"address":"127.0.0.1","family":"IPv4","port":9099}],"firestore":[{"address":"127.0.0.1","family":"IPv4","port":8080}],"firestore.websocket":[{"address":"127.0.0.1","family":"IPv4","port":9150}]},"metadata":{"message":"assigned listening specs for emulators"}}
[debug] [2023-10-28T04:02:04.968Z] [hub] writing locator at C:\Users\User\AppData\Local\Temp\hub-sasa-tuition.json
[debug] [2023-10-28T04:02:04.975Z] Ignoring unsupported arg: auto_download {"metadata":{"emulator":{"name":"firestore"},"message":"Ignoring unsupported arg: auto_download"}}
[debug] [2023-10-28T04:02:04.975Z] Ignoring unsupported arg: single_project_mode_error {"metadata":{"emulator":{"name":"firestore"},"message":"Ignoring unsupported arg: single_project_mode_error"}}
[debug] [2023-10-28T04:02:04.975Z] Starting Firestore Emulator with command {"binary":"java","args":["-Dgoogle.cloud_firestore.debug_log_level=FINE","-Duser.language=en","-jar","C:\\Users\\User\\.cache\\firebase\\emulators\\cloud-firestore-emulator-v1.18.2.jar","--host","127.0.0.1","--port",8080,"--websocket_port",9150,"--project_id","sasa-tuition","--rules","D:\\my-secret\\sasa-tition\\firestore.rules","--single_project_mode",true],"optionalArgs":["port","webchannel_port","host","rules","websocket_port","functions_emulator","seed_from_export","project_id","single_project_mode"],"joinArgs":false} {"metadata":{"emulator":{"name":"firestore"},"message":"Starting Firestore Emulator with command {\"binary\":\"java\",\"args\":[\"-Dgoogle.cloud_firestore.debug_log_level=FINE\",\"-Duser.language=en\",\"-jar\",\"C:\\\\Users\\\\User\\\\.cache\\\\firebase\\\\emulators\\\\cloud-firestore-emulator-v1.18.2.jar\",\"--host\",\"127.0.0.1\",\"--port\",8080,\"--websocket_port\",9150,\"--project_id\",\"sasa-tuition\",\"--rules\",\"D:\\\\my-secret\\\\sasa-tition\\\\firestore.rules\",\"--single_project_mode\",true],\"optionalArgs\":[\"port\",\"webchannel_port\",\"host\",\"rules\",\"websocket_port\",\"functions_emulator\",\"seed_from_export\",\"project_id\",\"single_project_mode\"],\"joinArgs\":false}"}}
[info] i  firestore: Firestore Emulator logging to firestore-debug.log {"metadata":{"emulator":{"name":"firestore"},"message":"Firestore Emulator logging to \u001b[1mfirestore-debug.log\u001b[22m"}}
[info] +  firestore: Firestore Emulator UI websocket is running on 9150. {"metadata":{"emulator":{"name":"firestore"},"message":"Firestore Emulator UI websocket is running on 9150."}}
[info] i  ui: downloading ui-v1.11.7.zip... {"metadata":{"emulator":{"name":"ui"},"message":"downloading ui-v1.11.7.zip..."}}
[debug] [2023-10-28T04:02:11.125Z] >>> [apiv2][query] GET https://storage.googleapis.com/firebase-preview-drop/emulator/ui-v1.11.7.zip 
[debug] [2023-10-28T04:02:11.217Z] <<< [apiv2][status] GET https://storage.googleapis.com/firebase-preview-drop/emulator/ui-v1.11.7.zip 200
[debug] [2023-10-28T04:02:11.217Z] <<< [apiv2][body] GET https://storage.googleapis.com/firebase-preview-drop/emulator/ui-v1.11.7.zip [stream]
[debug] [2023-10-28T04:02:11.717Z] Data is 3064105
[debug] [2023-10-28T04:02:11.718Z] [unzip] Entry: client/ (compressed_size=0 bytes, uncompressed_size=0 bytes)
[debug] [2023-10-28T04:02:11.718Z] [unzip] Processing entry: client\
[debug] [2023-10-28T04:02:11.718Z] [unzip] mkdir: C:\Users\User\.cache\firebase\emulators\ui-v1.11.7\client\
[debug] [2023-10-28T04:02:11.719Z] [unzip] Entry: client/favicon.ico (compressed_size=2497 bytes, uncompressed_size=7406 bytes)
[debug] [2023-10-28T04:02:11.719Z] [unzip] Processing entry: client\favicon.ico
[debug] [2023-10-28T04:02:11.719Z] [unzip] else mkdir: C:\Users\User\.cache\firebase\emulators\ui-v1.11.7\client
[debug] [2023-10-28T04:02:11.719Z] [unzip] deflating: C:\Users\User\.cache\firebase\emulators\ui-v1.11.7\client\favicon.ico
[debug] [2023-10-28T04:02:11.722Z] [unzip] Entry: client/apple-touch-icon.png (compressed_size=7231 bytes, uncompressed_size=7367 bytes)
[debug] [2023-10-28T04:02:11.722Z] [unzip] Processing entry: client\apple-touch-icon.png
[debug] [2023-10-28T04:02:11.722Z] [unzip] else mkdir: C:\Users\User\.cache\firebase\emulators\ui-v1.11.7\client
[debug] [2023-10-28T04:02:11.722Z] [unzip] deflating: C:\Users\User\.cache\firebase\emulators\ui-v1.11.7\client\apple-touch-icon.png
[debug] [2023-10-28T04:02:11.723Z] [unzip] Entry: client/android-chrome-512x512.png (compressed_size=16987 bytes, uncompressed_size=18186 bytes)
[debug] [2023-10-28T04:02:11.723Z] [unzip] Processing entry: client\android-chrome-512x512.png
[debug] [2023-10-28T04:02:11.723Z] [unzip] else mkdir: C:\Users\User\.cache\firebase\emulators\ui-v1.11.7\client
[debug] [2023-10-28T04:02:11.724Z] [unzip] deflating: C:\Users\User\.cache\firebase\emulators\ui-v1.11.7\client\android-chrome-512x512.png
[debug] [2023-10-28T04:02:11.724Z] [unzip] Entry: client/assets/ (compressed_size=0 bytes, uncompressed_size=0 bytes)
[debug] [2023-10-28T04:02:11.724Z] [unzip] Processing entry: client\assets\
[debug] [2023-10-28T04:02:11.724Z] [unzip] mkdir: C:\Users\User\.cache\firebase\emulators\ui-v1.11.7\client\assets\
[debug] [2023-10-28T04:02:11.725Z] [unzip] Entry: client/assets/extensions/ (compressed_size=0 bytes, uncompressed_size=0 bytes)
[debug] [2023-10-28T04:02:11.725Z] [unzip] Processing entry: client\assets\extensions\
[debug] [2023-10-28T04:02:11.725Z] [unzip] mkdir: C:\Users\User\.cache\firebase\emulators\ui-v1.11.7\client\assets\extensions\
[debug] [2023-10-28T04:02:11.725Z] [unzip] Entry: client/assets/extensions/default-extension.png (compressed_size=1646 bytes, uncompressed_size=1657 bytes)
[debug] [2023-10-28T04:02:11.725Z] [unzip] Processing entry: client\assets\extensions\default-extension.png
[debug] [2023-10-28T04:02:11.725Z] [unzip] else mkdir: C:\Users\User\.cache\firebase\emulators\ui-v1.11.7\client\assets\extensions
[debug] [2023-10-28T04:02:11.725Z] [unzip] deflating: C:\Users\User\.cache\firebase\emulators\ui-v1.11.7\client\assets\extensions\default-extension.png
[debug] [2023-10-28T04:02:11.726Z] [unzip] Entry: client/assets/index.58ca09f7.css (compressed_size=37601 bytes, uncompressed_size=321252 bytes)
[debug] [2023-10-28T04:02:11.726Z] [unzip] Processing entry: client\assets\index.58ca09f7.css
[debug] [2023-10-28T04:02:11.726Z] [unzip] else mkdir: C:\Users\User\.cache\firebase\emulators\ui-v1.11.7\client\assets
[debug] [2023-10-28T04:02:11.726Z] [unzip] deflating: C:\Users\User\.cache\firebase\emulators\ui-v1.11.7\client\assets\index.58ca09f7.css
[debug] [2023-10-28T04:02:11.727Z] [unzip] Entry: client/assets/index.c2583d42.js (compressed_size=526232 bytes, uncompressed_size=1860152 bytes)
[debug] [2023-10-28T04:02:11.727Z] [unzip] Processing entry: client\assets\index.c2583d42.js
[debug] [2023-10-28T04:02:11.727Z] [unzip] else mkdir: C:\Users\User\.cache\firebase\emulators\ui-v1.11.7\client\assets
[debug] [2023-10-28T04:02:11.727Z] [unzip] deflating: C:\Users\User\.cache\firebase\emulators\ui-v1.11.7\client\assets\index.c2583d42.js
[debug] [2023-10-28T04:02:11.736Z] [unzip] Entry: client/assets/provider-icons/ (compressed_size=0 bytes, uncompressed_size=0 bytes)
[debug] [2023-10-28T04:02:11.736Z] [unzip] Processing entry: client\assets\provider-icons\
[debug] [2023-10-28T04:02:11.736Z] [unzip] mkdir: C:\Users\User\.cache\firebase\emulators\ui-v1.11.7\client\assets\provider-icons\
[debug] [2023-10-28T04:02:11.736Z] [unzip] Entry: client/assets/provider-icons/auth_service_oidc.svg (compressed_size=414 bytes, uncompressed_size=858 bytes)
[debug] [2023-10-28T04:02:11.736Z] [unzip] Processing entry: client\assets\provider-icons\auth_service_oidc.svg
[debug] [2023-10-28T04:02:11.736Z] [unzip] else mkdir: C:\Users\User\.cache\firebase\emulators\ui-v1.11.7\client\assets\provider-icons
[debug] [2023-10-28T04:02:11.737Z] [unzip] deflating: C:\Users\User\.cache\firebase\emulators\ui-v1.11.7\client\assets\provider-icons\auth_service_oidc.svg
[debug] [2023-10-28T04:02:11.737Z] [unzip] Entry: client/assets/provider-icons/auth_service_yahoo.svg (compressed_size=577 bytes, uncompressed_size=1182 bytes)
[debug] [2023-10-28T04:02:11.737Z] [unzip] Processing entry: client\assets\provider-icons\auth_service_yahoo.svg
[debug] [2023-10-28T04:02:11.737Z] [unzip] else mkdir: C:\Users\User\.cache\firebase\emulators\ui-v1.11.7\client\assets\provider-icons
[debug] [2023-10-28T04:02:11.737Z] [unzip] deflating: C:\Users\User\.cache\firebase\emulators\ui-v1.11.7\client\assets\provider-icons\auth_service_yahoo.svg
[debug] [2023-10-28T04:02:11.738Z] [unzip] Entry: client/assets/provider-icons/auth_service_phone.svg (compressed_size=261 bytes, uncompressed_size=414 bytes)
[debug] [2023-10-28T04:02:11.738Z] [unzip] Processing entry: client\assets\provider-icons\auth_service_phone.svg
[debug] [2023-10-28T04:02:11.738Z] [unzip] else mkdir: C:\Users\User\.cache\firebase\emulators\ui-v1.11.7\client\assets\provider-icons
[debug] [2023-10-28T04:02:11.738Z] [unzip] deflating: C:\Users\User\.cache\firebase\emulators\ui-v1.11.7\client\assets\provider-icons\auth_service_phone.svg
[debug] [2023-10-28T04:02:11.739Z] [unzip] Entry: client/assets/provider-icons/auth_service_saml.svg (compressed_size=575 bytes, uncompressed_size=1226 bytes)
[debug] [2023-10-28T04:02:11.739Z] [unzip] Processing entry: client\assets\provider-icons\auth_service_saml.svg
[debug] [2023-10-28T04:02:11.739Z] [unzip] else mkdir: C:\Users\User\.cache\firebase\emulators\ui-v1.11.7\client\assets\provider-icons
[debug] [2023-10-28T04:02:11.739Z] [unzip] deflating: C:\Users\User\.cache\firebase\emulators\ui-v1.11.7\client\assets\provider-icons\auth_service_saml.svg
[debug] [2023-10-28T04:02:11.739Z] [unzip] Entry: client/assets/provider-icons/auth_service_mslive.svg (compressed_size=203 bytes, uncompressed_size=378 bytes)
[debug] [2023-10-28T04:02:11.739Z] [unzip] Processing entry: client\assets\provider-icons\auth_service_mslive.svg
[debug] [2023-10-28T04:02:11.739Z] [unzip] else mkdir: C:\Users\User\.cache\firebase\emulators\ui-v1.11.7\client\assets\provider-icons
[debug] [2023-10-28T04:02:11.740Z] [unzip] deflating: C:\Users\User\.cache\firebase\emulators\ui-v1.11.7\client\assets\provider-icons\auth_service_mslive.svg
[debug] [2023-10-28T04:02:11.740Z] [unzip] Entry: client/assets/provider-icons/auth_service_facebook.svg (compressed_size=289 bytes, uncompressed_size=457 bytes)
[debug] [2023-10-28T04:02:11.740Z] [unzip] Processing entry: client\assets\provider-icons\auth_service_facebook.svg
[debug] [2023-10-28T04:02:11.740Z] [unzip] else mkdir: C:\Users\User\.cache\firebase\emulators\ui-v1.11.7\client\assets\provider-icons
[debug] [2023-10-28T04:02:11.740Z] [unzip] deflating: C:\Users\User\.cache\firebase\emulators\ui-v1.11.7\client\assets\provider-icons\auth_service_facebook.svg
[debug] [2023-10-28T04:02:11.741Z] [unzip] Entry: client/assets/provider-icons/auth_service_play_games.svg (compressed_size=565 bytes, uncompressed_size=1173 bytes)
[debug] [2023-10-28T04:02:11.741Z] [unzip] Processing entry: client\assets\provider-icons\auth_service_play_games.svg
[debug] [2023-10-28T04:02:11.741Z] [unzip] else mkdir: C:\Users\User\.cache\firebase\emulators\ui-v1.11.7\client\assets\provider-icons
[debug] [2023-10-28T04:02:11.741Z] [unzip] deflating: C:\Users\User\.cache\firebase\emulators\ui-v1.11.7\client\assets\provider-icons\auth_service_play_games.svg
[debug] [2023-10-28T04:02:11.742Z] [unzip] Entry: client/assets/provider-icons/auth_service_github.svg (compressed_size=466 bytes, uncompressed_size=838 bytes)
[debug] [2023-10-28T04:02:11.742Z] [unzip] Processing entry: client\assets\provider-icons\auth_service_github.svg
[debug] [2023-10-28T04:02:11.742Z] [unzip] else mkdir: C:\Users\User\.cache\firebase\emulators\ui-v1.11.7\client\assets\provider-icons
[debug] [2023-10-28T04:02:11.742Z] [unzip] deflating: C:\Users\User\.cache\firebase\emulators\ui-v1.11.7\client\assets\provider-icons\auth_service_github.svg
[debug] [2023-10-28T04:02:11.742Z] [unzip] Entry: client/assets/provider-icons/auth_service_apple.svg (compressed_size=230 bytes, uncompressed_size=334 bytes)
[debug] [2023-10-28T04:02:11.742Z] [unzip] Processing entry: client\assets\provider-icons\auth_service_apple.svg
[debug] [2023-10-28T04:02:11.742Z] [unzip] else mkdir: C:\Users\User\.cache\firebase\emulators\ui-v1.11.7\client\assets\provider-icons
[debug] [2023-10-28T04:02:11.742Z] [unzip] deflating: C:\Users\User\.cache\firebase\emulators\ui-v1.11.7\client\assets\provider-icons\auth_service_apple.svg
[debug] [2023-10-28T04:02:11.743Z] [unzip] Entry: client/assets/provider-icons/auth_service_google.svg (compressed_size=409 bytes, uncompressed_size=720 bytes)
[debug] [2023-10-28T04:02:11.743Z] [unzip] Processing entry: client\assets\provider-icons\auth_service_google.svg
[debug] [2023-10-28T04:02:11.743Z] [unzip] else mkdir: C:\Users\User\.cache\firebase\emulators\ui-v1.11.7\client\assets\provider-icons
[debug] [2023-10-28T04:02:11.743Z] [unzip] deflating: C:\Users\User\.cache\firebase\emulators\ui-v1.11.7\client\assets\provider-icons\auth_service_google.svg
[debug] [2023-10-28T04:02:11.743Z] [unzip] Entry: client/assets/provider-icons/auth_service_email.svg (compressed_size=228 bytes, uncompressed_size=326 bytes)
[debug] [2023-10-28T04:02:11.743Z] [unzip] Processing entry: client\assets\provider-icons\auth_service_email.svg
[debug] [2023-10-28T04:02:11.743Z] [unzip] else mkdir: C:\Users\User\.cache\firebase\emulators\ui-v1.11.7\client\assets\provider-icons
[debug] [2023-10-28T04:02:11.743Z] [unzip] deflating: C:\Users\User\.cache\firebase\emulators\ui-v1.11.7\client\assets\provider-icons\auth_service_email.svg
[debug] [2023-10-28T04:02:11.744Z] [unzip] Entry: client/assets/provider-icons/auth_service_twitter.svg (compressed_size=444 bytes, uncompressed_size=751 bytes)
[debug] [2023-10-28T04:02:11.744Z] [unzip] Processing entry: client\assets\provider-icons\auth_service_twitter.svg
[debug] [2023-10-28T04:02:11.744Z] [unzip] else mkdir: C:\Users\User\.cache\firebase\emulators\ui-v1.11.7\client\assets\provider-icons
[debug] [2023-10-28T04:02:11.744Z] [unzip] deflating: C:\Users\User\.cache\firebase\emulators\ui-v1.11.7\client\assets\provider-icons\auth_service_twitter.svg
[debug] [2023-10-28T04:02:11.745Z] [unzip] Entry: client/assets/provider-icons/auth_service_game_center.svg (compressed_size=991 bytes, uncompressed_size=3921 bytes)
[debug] [2023-10-28T04:02:11.745Z] [unzip] Processing entry: client\assets\provider-icons\auth_service_game_center.svg
[debug] [2023-10-28T04:02:11.745Z] [unzip] else mkdir: C:\Users\User\.cache\firebase\emulators\ui-v1.11.7\client\assets\provider-icons
[debug] [2023-10-28T04:02:11.746Z] [unzip] deflating: C:\Users\User\.cache\firebase\emulators\ui-v1.11.7\client\assets\provider-icons\auth_service_game_center.svg
[debug] [2023-10-28T04:02:11.749Z] [unzip] Entry: client/assets/index.c2583d42.js.map (compressed_size=1778557 bytes, uncompressed_size=7961927 bytes)
[debug] [2023-10-28T04:02:11.750Z] [unzip] Processing entry: client\assets\index.c2583d42.js.map
[debug] [2023-10-28T04:02:11.750Z] [unzip] else mkdir: C:\Users\User\.cache\firebase\emulators\ui-v1.11.7\client\assets
[debug] [2023-10-28T04:02:11.750Z] [unzip] deflating: C:\Users\User\.cache\firebase\emulators\ui-v1.11.7\client\assets\index.c2583d42.js.map
[debug] [2023-10-28T04:02:11.774Z] [unzip] Entry: client/assets/img/ (compressed_size=0 bytes, uncompressed_size=0 bytes)
[debug] [2023-10-28T04:02:11.774Z] [unzip] Processing entry: client\assets\img\
[debug] [2023-10-28T04:02:11.774Z] [unzip] mkdir: C:\Users\User\.cache\firebase\emulators\ui-v1.11.7\client\assets\img\
[debug] [2023-10-28T04:02:11.774Z] [unzip] Entry: client/assets/img/database.png (compressed_size=29449 bytes, uncompressed_size=29988 bytes)
[debug] [2023-10-28T04:02:11.774Z] [unzip] Processing entry: client\assets\img\database.png
[debug] [2023-10-28T04:02:11.774Z] [unzip] else mkdir: C:\Users\User\.cache\firebase\emulators\ui-v1.11.7\client\assets\img
[debug] [2023-10-28T04:02:11.774Z] [unzip] deflating: C:\Users\User\.cache\firebase\emulators\ui-v1.11.7\client\assets\img\database.png
[debug] [2023-10-28T04:02:11.775Z] [unzip] Entry: client/safari-pinned-tab.svg (compressed_size=838 bytes, uncompressed_size=1504 bytes)
[debug] [2023-10-28T04:02:11.775Z] [unzip] Processing entry: client\safari-pinned-tab.svg
[debug] [2023-10-28T04:02:11.775Z] [unzip] else mkdir: C:\Users\User\.cache\firebase\emulators\ui-v1.11.7\client
[debug] [2023-10-28T04:02:11.775Z] [unzip] deflating: C:\Users\User\.cache\firebase\emulators\ui-v1.11.7\client\safari-pinned-tab.svg
[debug] [2023-10-28T04:02:11.776Z] [unzip] Entry: client/mstile-150x150.png (compressed_size=5406 bytes, uncompressed_size=5723 bytes)
[debug] [2023-10-28T04:02:11.776Z] [unzip] Processing entry: client\mstile-150x150.png
[debug] [2023-10-28T04:02:11.776Z] [unzip] else mkdir: C:\Users\User\.cache\firebase\emulators\ui-v1.11.7\client
[debug] [2023-10-28T04:02:11.776Z] [unzip] deflating: C:\Users\User\.cache\firebase\emulators\ui-v1.11.7\client\mstile-150x150.png
[debug] [2023-10-28T04:02:11.777Z] [unzip] Entry: client/browserconfig.xml (compressed_size=491 bytes, uncompressed_size=822 bytes)
[debug] [2023-10-28T04:02:11.777Z] [unzip] Processing entry: client\browserconfig.xml
[debug] [2023-10-28T04:02:11.777Z] [unzip] else mkdir: C:\Users\User\.cache\firebase\emulators\ui-v1.11.7\client
[debug] [2023-10-28T04:02:11.777Z] [unzip] deflating: C:\Users\User\.cache\firebase\emulators\ui-v1.11.7\client\browserconfig.xml
[debug] [2023-10-28T04:02:11.777Z] [unzip] Entry: client/robots.txt (compressed_size=26 bytes, uncompressed_size=26 bytes)
[debug] [2023-10-28T04:02:11.777Z] [unzip] Processing entry: client\robots.txt
[debug] [2023-10-28T04:02:11.777Z] [unzip] else mkdir: C:\Users\User\.cache\firebase\emulators\ui-v1.11.7\client
[debug] [2023-10-28T04:02:11.778Z] [unzip] Writing file: C:\Users\User\.cache\firebase\emulators\ui-v1.11.7\client\robots.txt
[debug] [2023-10-28T04:02:11.779Z] [unzip] Entry: client/index.html (compressed_size=1363 bytes, uncompressed_size=3064 bytes)
[debug] [2023-10-28T04:02:11.779Z] [unzip] Processing entry: client\index.html
[debug] [2023-10-28T04:02:11.779Z] [unzip] else mkdir: C:\Users\User\.cache\firebase\emulators\ui-v1.11.7\client
[debug] [2023-10-28T04:02:11.780Z] [unzip] deflating: C:\Users\User\.cache\firebase\emulators\ui-v1.11.7\client\index.html
[debug] [2023-10-28T04:02:11.783Z] [unzip] Entry: client/favicon-16x16.png (compressed_size=757 bytes, uncompressed_size=777 bytes)
[debug] [2023-10-28T04:02:11.783Z] [unzip] Processing entry: client\favicon-16x16.png
[debug] [2023-10-28T04:02:11.783Z] [unzip] else mkdir: C:\Users\User\.cache\firebase\emulators\ui-v1.11.7\client
[debug] [2023-10-28T04:02:11.784Z] [unzip] deflating: C:\Users\User\.cache\firebase\emulators\ui-v1.11.7\client\favicon-16x16.png
[debug] [2023-10-28T04:02:11.785Z] [unzip] Entry: client/manifest.json (compressed_size=246 bytes, uncompressed_size=551 bytes)
[debug] [2023-10-28T04:02:11.785Z] [unzip] Processing entry: client\manifest.json
[debug] [2023-10-28T04:02:11.785Z] [unzip] else mkdir: C:\Users\User\.cache\firebase\emulators\ui-v1.11.7\client
[debug] [2023-10-28T04:02:11.785Z] [unzip] deflating: C:\Users\User\.cache\firebase\emulators\ui-v1.11.7\client\manifest.json
[debug] [2023-10-28T04:02:11.786Z] [unzip] Entry: client/favicon-32x32.png (compressed_size=1175 bytes, uncompressed_size=1175 bytes)
[debug] [2023-10-28T04:02:11.786Z] [unzip] Processing entry: client\favicon-32x32.png
[debug] [2023-10-28T04:02:11.786Z] [unzip] else mkdir: C:\Users\User\.cache\firebase\emulators\ui-v1.11.7\client
[debug] [2023-10-28T04:02:11.786Z] [unzip] Writing file: C:\Users\User\.cache\firebase\emulators\ui-v1.11.7\client\favicon-32x32.png
[debug] [2023-10-28T04:02:11.787Z] [unzip] Entry: client/android-chrome-192x192.png (compressed_size=7602 bytes, uncompressed_size=7834 bytes)
[debug] [2023-10-28T04:02:11.787Z] [unzip] Processing entry: client\android-chrome-192x192.png
[debug] [2023-10-28T04:02:11.787Z] [unzip] else mkdir: C:\Users\User\.cache\firebase\emulators\ui-v1.11.7\client
[debug] [2023-10-28T04:02:11.787Z] [unzip] deflating: C:\Users\User\.cache\firebase\emulators\ui-v1.11.7\client\android-chrome-192x192.png
[debug] [2023-10-28T04:02:11.788Z] [unzip] Entry: server/ (compressed_size=0 bytes, uncompressed_size=0 bytes)
[debug] [2023-10-28T04:02:11.788Z] [unzip] Processing entry: server\
[debug] [2023-10-28T04:02:11.788Z] [unzip] mkdir: C:\Users\User\.cache\firebase\emulators\ui-v1.11.7\server\
[debug] [2023-10-28T04:02:11.788Z] [unzip] Entry: server/server.js (compressed_size=343746 bytes, uncompressed_size=1346374 bytes)
[debug] [2023-10-28T04:02:11.788Z] [unzip] Processing entry: server\server.js
[debug] [2023-10-28T04:02:11.788Z] [unzip] else mkdir: C:\Users\User\.cache\firebase\emulators\ui-v1.11.7\server
[debug] [2023-10-28T04:02:11.788Z] [unzip] deflating: C:\Users\User\.cache\firebase\emulators\ui-v1.11.7\server\server.js
[debug] [2023-10-28T04:02:11.793Z] [unzip] Entry: server/server.js.map (compressed_size=289157 bytes, uncompressed_size=1325651 bytes)
[debug] [2023-10-28T04:02:11.793Z] [unzip] Processing entry: server\server.js.map
[debug] [2023-10-28T04:02:11.793Z] [unzip] else mkdir: C:\Users\User\.cache\firebase\emulators\ui-v1.11.7\server
[debug] [2023-10-28T04:02:11.794Z] [unzip] deflating: C:\Users\User\.cache\firebase\emulators\ui-v1.11.7\server\server.js.map
[debug] [2023-10-28T04:02:11.800Z] Ignoring unsupported arg: auto_download {"metadata":{"emulator":{"name":"ui"},"message":"Ignoring unsupported arg: auto_download"}}
[debug] [2023-10-28T04:02:11.800Z] Ignoring unsupported arg: port {"metadata":{"emulator":{"name":"ui"},"message":"Ignoring unsupported arg: port"}}
[debug] [2023-10-28T04:02:11.800Z] Starting Emulator UI with command {"binary":"node","args":["C:\\Users\\User\\.cache\\firebase\\emulators\\ui-v1.11.7\\server\\server.js"],"optionalArgs":[],"joinArgs":false} {"metadata":{"emulator":{"name":"ui"},"message":"Starting Emulator UI with command {\"binary\":\"node\",\"args\":[\"C:\\\\Users\\\\User\\\\.cache\\\\firebase\\\\emulators\\\\ui-v1.11.7\\\\server\\\\server.js\"],\"optionalArgs\":[],\"joinArgs\":false}"}}
[info] i  ui: Emulator UI logging to ui-debug.log {"metadata":{"emulator":{"name":"ui"},"message":"Emulator UI logging to \u001b[1mui-debug.log\u001b[22m"}}
[debug] [2023-10-28T04:02:11.900Z] Web / API server started at 127.0.0.1:4000
 {"metadata":{"emulator":{"name":"ui"},"message":"Web / API server started at 127.0.0.1:4000\n"}}
[debug] [2023-10-28T04:02:11.900Z] Web / API server started at ::1:4000
 {"metadata":{"emulator":{"name":"ui"},"message":"Web / API server started at ::1:4000\n"}}
[info] 
┌─────────────────────────────────────────────────────────────┐
│ ✔  All emulators ready! It is now safe to connect your app. │
│ i  View Emulator UI at http://127.0.0.1:4000/               │
└─────────────────────────────────────────────────────────────┘

┌────────────────┬────────────────┬─────────────────────────────────┐
│ Emulator       │ Host:Port      │ View in Emulator UI             │
├────────────────┼────────────────┼─────────────────────────────────┤
│ Authentication │ 127.0.0.1:9099 │ http://127.0.0.1:4000/auth      │
├────────────────┼────────────────┼─────────────────────────────────┤
│ Firestore      │ 127.0.0.1:8080 │ http://127.0.0.1:4000/firestore │
└────────────────┴────────────────┴─────────────────────────────────┘
  Emulator Hub running at 127.0.0.1:4400
  Other reserved ports: 4500, 9150

Issues? Report them at https://github.com/firebase/firebase-tools/issues and attach the *-debug.log files.
 
[debug] [2023-10-28T12:02:22.737Z] ----------------------------------------------------------------------
[debug] [2023-10-28T12:02:22.739Z] Command:       C:\Program Files\nodejs\node.exe C:\Users\This PC\AppData\Roaming\npm\node_modules\firebase-tools\lib\bin\firebase.js emulators:start
[debug] [2023-10-28T12:02:22.739Z] CLI Version:   12.7.0
[debug] [2023-10-28T12:02:22.739Z] Platform:      win32
[debug] [2023-10-28T12:02:22.739Z] Node Version:  v16.17.0
[debug] [2023-10-28T12:02:22.743Z] Time:          Sat Oct 28 2023 19:02:22 GMT+0700 (Indochina Time)
[debug] [2023-10-28T12:02:22.744Z] ----------------------------------------------------------------------
[debug] 
[debug] [2023-10-28T12:02:22.796Z] > command requires scopes: ["email","openid","https://www.googleapis.com/auth/cloudplatformprojects.readonly","https://www.googleapis.com/auth/firebase","https://www.googleapis.com/auth/cloud-platform"]
[debug] [2023-10-28T12:02:22.796Z] > authorizing via signed-in user (ngoctranbk95@gmail.com)
[debug] [2023-10-28T12:02:22.918Z] java version "19.0.1" 2022-10-18
Java(TM) SE Runtime Environment (build 19.0.1+10-21)

[debug] [2023-10-28T12:02:22.919Z] Java HotSpot(TM) 64-Bit Server VM (build 19.0.1+10-21, mixed mode, sharing)

[debug] [2023-10-28T12:02:22.939Z] Parsed Java major version: 19
[info] i  emulators: Starting emulators: auth, firestore {"metadata":{"emulator":{"name":"hub"},"message":"Starting emulators: auth, firestore"}}
[debug] [2023-10-28T12:02:22.954Z] [logging] Logging Emulator only supports listening on one address (127.0.0.1). Not listening on ::1
[debug] [2023-10-28T12:02:22.954Z] [auth] Authentication Emulator only supports listening on one address (127.0.0.1). Not listening on ::1
[debug] [2023-10-28T12:02:22.954Z] [firestore] Firestore Emulator only supports listening on one address (127.0.0.1). Not listening on ::1
[debug] [2023-10-28T12:02:22.954Z] [firestore.websocket] websocket server for firestore only supports listening on one address (127.0.0.1). Not listening on ::1
[debug] [2023-10-28T12:02:22.954Z] assigned listening specs for emulators {"user":{"hub":[{"address":"127.0.0.1","family":"IPv4","port":4400},{"address":"::1","family":"IPv6","port":4400}],"ui":[{"address":"127.0.0.1","family":"IPv4","port":4000},{"address":"::1","family":"IPv6","port":4000}],"logging":[{"address":"127.0.0.1","family":"IPv4","port":4500}],"auth":[{"address":"127.0.0.1","family":"IPv4","port":9099}],"firestore":[{"address":"127.0.0.1","family":"IPv4","port":8080}],"firestore.websocket":[{"address":"127.0.0.1","family":"IPv4","port":9150}]},"metadata":{"message":"assigned listening specs for emulators"}}
[warn] !  emulators: It seems that you are running multiple instances of the emulator suite for project sasa-tuition. This may result in unexpected behavior. 
[debug] [2023-10-28T12:02:22.962Z] [hub] writing locator at C:\Users\THISPC~1\AppData\Local\Temp\hub-sasa-tuition.json
[debug] [2023-10-28T12:02:22.972Z] Ignoring unsupported arg: auto_download {"metadata":{"emulator":{"name":"firestore"},"message":"Ignoring unsupported arg: auto_download"}}
[debug] [2023-10-28T12:02:22.972Z] Ignoring unsupported arg: single_project_mode_error {"metadata":{"emulator":{"name":"firestore"},"message":"Ignoring unsupported arg: single_project_mode_error"}}
[debug] [2023-10-28T12:02:22.972Z] Starting Firestore Emulator with command {"binary":"java","args":["-Dgoogle.cloud_firestore.debug_log_level=FINE","-Duser.language=en","-jar","C:\\Users\\This PC\\.cache\\firebase\\emulators\\cloud-firestore-emulator-v1.18.2.jar","--host","127.0.0.1","--port",8080,"--websocket_port",9150,"--project_id","sasa-tuition","--rules","D:\\Workspace\\Self-projects\\sasa-tuition\\firestore.rules","--single_project_mode",true],"optionalArgs":["port","webchannel_port","host","rules","websocket_port","functions_emulator","seed_from_export","project_id","single_project_mode"],"joinArgs":false} {"metadata":{"emulator":{"name":"firestore"},"message":"Starting Firestore Emulator with command {\"binary\":\"java\",\"args\":[\"-Dgoogle.cloud_firestore.debug_log_level=FINE\",\"-Duser.language=en\",\"-jar\",\"C:\\\\Users\\\\This PC\\\\.cache\\\\firebase\\\\emulators\\\\cloud-firestore-emulator-v1.18.2.jar\",\"--host\",\"127.0.0.1\",\"--port\",8080,\"--websocket_port\",9150,\"--project_id\",\"sasa-tuition\",\"--rules\",\"D:\\\\Workspace\\\\Self-projects\\\\sasa-tuition\\\\firestore.rules\",\"--single_project_mode\",true],\"optionalArgs\":[\"port\",\"webchannel_port\",\"host\",\"rules\",\"websocket_port\",\"functions_emulator\",\"seed_from_export\",\"project_id\",\"single_project_mode\"],\"joinArgs\":false}"}}
[info] i  firestore: Firestore Emulator logging to firestore-debug.log {"metadata":{"emulator":{"name":"firestore"},"message":"Firestore Emulator logging to \u001b[1mfirestore-debug.log\u001b[22m"}}
[info] +  firestore: Firestore Emulator UI websocket is running on 9150. {"metadata":{"emulator":{"name":"firestore"},"message":"Firestore Emulator UI websocket is running on 9150."}}
[debug] [2023-10-28T12:02:29.553Z] Ignoring unsupported arg: auto_download {"metadata":{"emulator":{"name":"ui"},"message":"Ignoring unsupported arg: auto_download"}}
[debug] [2023-10-28T12:02:29.553Z] Ignoring unsupported arg: port {"metadata":{"emulator":{"name":"ui"},"message":"Ignoring unsupported arg: port"}}
[debug] [2023-10-28T12:02:29.553Z] Starting Emulator UI with command {"binary":"node","args":["C:\\Users\\This PC\\.cache\\firebase\\emulators\\ui-v1.11.7\\server\\server.js"],"optionalArgs":[],"joinArgs":false} {"metadata":{"emulator":{"name":"ui"},"message":"Starting Emulator UI with command {\"binary\":\"node\",\"args\":[\"C:\\\\Users\\\\This PC\\\\.cache\\\\firebase\\\\emulators\\\\ui-v1.11.7\\\\server\\\\server.js\"],\"optionalArgs\":[],\"joinArgs\":false}"}}
[info] i  ui: Emulator UI logging to ui-debug.log {"metadata":{"emulator":{"name":"ui"},"message":"Emulator UI logging to \u001b[1mui-debug.log\u001b[22m"}}
[debug] [2023-10-28T12:02:29.654Z] Web / API server started at 127.0.0.1:4000
 {"metadata":{"emulator":{"name":"ui"},"message":"Web / API server started at 127.0.0.1:4000\n"}}
[debug] [2023-10-28T12:02:29.654Z] Web / API server started at ::1:4000
 {"metadata":{"emulator":{"name":"ui"},"message":"Web / API server started at ::1:4000\n"}}
[info] 
┌─────────────────────────────────────────────────────────────┐
│ ✔  All emulators ready! It is now safe to connect your app. │
│ i  View Emulator UI at http://127.0.0.1:4000/               │
└─────────────────────────────────────────────────────────────┘

┌────────────────┬────────────────┬─────────────────────────────────┐
│ Emulator       │ Host:Port      │ View in Emulator UI             │
├────────────────┼────────────────┼─────────────────────────────────┤
│ Authentication │ 127.0.0.1:9099 │ http://127.0.0.1:4000/auth      │
├────────────────┼────────────────┼─────────────────────────────────┤
│ Firestore      │ 127.0.0.1:8080 │ http://127.0.0.1:4000/firestore │
└────────────────┴────────────────┴─────────────────────────────────┘
  Emulator Hub running at 127.0.0.1:4400
  Other reserved ports: 4500, 9150

Issues? Report them at https://github.com/firebase/firebase-tools/issues and attach the *-debug.log files.
 
[debug] [2023-10-28T12:51:47.991Z] Received signal SIGHUP 1
[debug] [2023-10-28T14:42:38.195Z] ----------------------------------------------------------------------
[debug] [2023-10-28T14:42:38.197Z] Command:       C:\Program Files\nodejs\node.exe C:\Users\This PC\AppData\Roaming\npm\node_modules\firebase-tools\lib\bin\firebase.js emulators:start
[debug] [2023-10-28T14:42:38.197Z] CLI Version:   12.7.0
[debug] [2023-10-28T14:42:38.197Z] Platform:      win32
[debug] [2023-10-28T14:42:38.197Z] Node Version:  v16.17.0
[debug] [2023-10-28T14:42:38.198Z] Time:          Sat Oct 28 2023 21:42:38 GMT+0700 (Indochina Time)
[debug] [2023-10-28T14:42:38.198Z] ----------------------------------------------------------------------
[debug] 
[debug] [2023-10-28T14:42:38.200Z] >>> [apiv2][query] GET https://firebase-public.firebaseio.com/cli.json [none]
[debug] [2023-10-28T14:42:38.260Z] > command requires scopes: ["email","openid","https://www.googleapis.com/auth/cloudplatformprojects.readonly","https://www.googleapis.com/auth/firebase","https://www.googleapis.com/auth/cloud-platform"]
[debug] [2023-10-28T14:42:38.260Z] > authorizing via signed-in user (ngoctranbk95@gmail.com)
[debug] [2023-10-28T14:42:38.354Z] java version "19.0.1" 2022-10-18
Java(TM) SE Runtime Environment (build 19.0.1+10-21)

[debug] [2023-10-28T14:42:38.355Z] Java HotSpot(TM) 64-Bit Server VM (build 19.0.1+10-21, mixed mode, sharing)

[debug] [2023-10-28T14:42:38.372Z] Parsed Java major version: 19
[info] i  emulators: Starting emulators: auth, firestore {"metadata":{"emulator":{"name":"hub"},"message":"Starting emulators: auth, firestore"}}
[debug] [2023-10-28T14:42:38.383Z] [logging] Logging Emulator only supports listening on one address (127.0.0.1). Not listening on ::1
[debug] [2023-10-28T14:42:38.383Z] [auth] Authentication Emulator only supports listening on one address (127.0.0.1). Not listening on ::1
[debug] [2023-10-28T14:42:38.383Z] [firestore] Firestore Emulator only supports listening on one address (127.0.0.1). Not listening on ::1
[debug] [2023-10-28T14:42:38.383Z] [firestore.websocket] websocket server for firestore only supports listening on one address (127.0.0.1). Not listening on ::1
[warn] !  ui: Emulator UI unable to start on port 4000, starting on 4001 instead. {"metadata":{"emulator":{"name":"ui"},"message":"Emulator UI unable to start on port 4000, starting on 4001 instead."}}
[debug] [2023-10-28T14:42:38.384Z] assigned listening specs for emulators {"user":{"hub":[{"address":"127.0.0.1","family":"IPv4","port":4400},{"address":"::1","family":"IPv6","port":4400}],"logging":[{"address":"127.0.0.1","family":"IPv4","port":4500}],"auth":[{"address":"127.0.0.1","family":"IPv4","port":9099}],"firestore":[{"address":"127.0.0.1","family":"IPv4","port":8080}],"firestore.websocket":[{"address":"127.0.0.1","family":"IPv4","port":9150}],"ui":[{"address":"127.0.0.1","family":"IPv4","port":4001},{"address":"::1","family":"IPv6","port":4001}]},"metadata":{"message":"assigned listening specs for emulators"}}
[warn] !  emulators: It seems that you are running multiple instances of the emulator suite for project sasa-tuition. This may result in unexpected behavior. 
[debug] [2023-10-28T14:42:38.391Z] [hub] writing locator at C:\Users\THISPC~1\AppData\Local\Temp\hub-sasa-tuition.json
[debug] [2023-10-28T14:42:38.402Z] Ignoring unsupported arg: auto_download {"metadata":{"emulator":{"name":"firestore"},"message":"Ignoring unsupported arg: auto_download"}}
[debug] [2023-10-28T14:42:38.403Z] Ignoring unsupported arg: single_project_mode_error {"metadata":{"emulator":{"name":"firestore"},"message":"Ignoring unsupported arg: single_project_mode_error"}}
[debug] [2023-10-28T14:42:38.403Z] Starting Firestore Emulator with command {"binary":"java","args":["-Dgoogle.cloud_firestore.debug_log_level=FINE","-Duser.language=en","-jar","C:\\Users\\This PC\\.cache\\firebase\\emulators\\cloud-firestore-emulator-v1.18.2.jar","--host","127.0.0.1","--port",8080,"--websocket_port",9150,"--project_id","sasa-tuition","--rules","D:\\Workspace\\Self-projects\\sasa-tuition\\firestore.rules","--single_project_mode",true],"optionalArgs":["port","webchannel_port","host","rules","websocket_port","functions_emulator","seed_from_export","project_id","single_project_mode"],"joinArgs":false} {"metadata":{"emulator":{"name":"firestore"},"message":"Starting Firestore Emulator with command {\"binary\":\"java\",\"args\":[\"-Dgoogle.cloud_firestore.debug_log_level=FINE\",\"-Duser.language=en\",\"-jar\",\"C:\\\\Users\\\\This PC\\\\.cache\\\\firebase\\\\emulators\\\\cloud-firestore-emulator-v1.18.2.jar\",\"--host\",\"127.0.0.1\",\"--port\",8080,\"--websocket_port\",9150,\"--project_id\",\"sasa-tuition\",\"--rules\",\"D:\\\\Workspace\\\\Self-projects\\\\sasa-tuition\\\\firestore.rules\",\"--single_project_mode\",true],\"optionalArgs\":[\"port\",\"webchannel_port\",\"host\",\"rules\",\"websocket_port\",\"functions_emulator\",\"seed_from_export\",\"project_id\",\"single_project_mode\"],\"joinArgs\":false}"}}
[info] i  firestore: Firestore Emulator logging to firestore-debug.log {"metadata":{"emulator":{"name":"firestore"},"message":"Firestore Emulator logging to \u001b[1mfirestore-debug.log\u001b[22m"}}
[info] +  firestore: Firestore Emulator UI websocket is running on 9150. {"metadata":{"emulator":{"name":"firestore"},"message":"Firestore Emulator UI websocket is running on 9150."}}
[debug] [2023-10-28T14:42:44.326Z] Ignoring unsupported arg: auto_download {"metadata":{"emulator":{"name":"ui"},"message":"Ignoring unsupported arg: auto_download"}}
[debug] [2023-10-28T14:42:44.326Z] Ignoring unsupported arg: port {"metadata":{"emulator":{"name":"ui"},"message":"Ignoring unsupported arg: port"}}
[debug] [2023-10-28T14:42:44.326Z] Starting Emulator UI with command {"binary":"node","args":["C:\\Users\\This PC\\.cache\\firebase\\emulators\\ui-v1.11.7\\server\\server.js"],"optionalArgs":[],"joinArgs":false} {"metadata":{"emulator":{"name":"ui"},"message":"Starting Emulator UI with command {\"binary\":\"node\",\"args\":[\"C:\\\\Users\\\\This PC\\\\.cache\\\\firebase\\\\emulators\\\\ui-v1.11.7\\\\server\\\\server.js\"],\"optionalArgs\":[],\"joinArgs\":false}"}}
[info] i  ui: Emulator UI logging to ui-debug.log {"metadata":{"emulator":{"name":"ui"},"message":"Emulator UI logging to \u001b[1mui-debug.log\u001b[22m"}}
[debug] [2023-10-28T14:42:44.429Z] Web / API server started at 127.0.0.1:4001
 {"metadata":{"emulator":{"name":"ui"},"message":"Web / API server started at 127.0.0.1:4001\n"}}
[debug] [2023-10-28T14:42:44.429Z] Web / API server started at ::1:4001
 {"metadata":{"emulator":{"name":"ui"},"message":"Web / API server started at ::1:4001\n"}}
[debug] [2023-10-28T14:42:44.531Z] <<< [apiv2][status] GET https://firebase-public.firebaseio.com/cli.json 200
[debug] [2023-10-28T14:42:44.532Z] <<< [apiv2][body] GET https://firebase-public.firebaseio.com/cli.json {"cloudBuildErrorAfter":1594252800000,"cloudBuildWarnAfter":1590019200000,"defaultNode10After":1594252800000,"minVersion":"3.0.5","node8DeploysDisabledAfter":1613390400000,"node8RuntimeDisabledAfter":1615809600000,"node8WarnAfter":1600128000000}
[info] 
┌─────────────────────────────────────────────────────────────┐
│ ✔  All emulators ready! It is now safe to connect your app. │
│ i  View Emulator UI at http://127.0.0.1:4001/               │
└─────────────────────────────────────────────────────────────┘

┌────────────────┬────────────────┬─────────────────────────────────┐
│ Emulator       │ Host:Port      │ View in Emulator UI             │
├────────────────┼────────────────┼─────────────────────────────────┤
│ Authentication │ 127.0.0.1:9099 │ http://127.0.0.1:4001/auth      │
├────────────────┼────────────────┼─────────────────────────────────┤
│ Firestore      │ 127.0.0.1:8080 │ http://127.0.0.1:4001/firestore │
└────────────────┴────────────────┴─────────────────────────────────┘
  Emulator Hub running at 127.0.0.1:4400
  Other reserved ports: 4500, 9150

Issues? Report them at https://github.com/firebase/firebase-tools/issues and attach the *-debug.log files.
 
[debug] [2023-10-28T15:13:52.142Z] Received signal SIGHUP 1
[debug] [2023-10-29T07:42:02.195Z] ----------------------------------------------------------------------
[debug] [2023-10-29T07:42:02.196Z] Command:       C:\Program Files\nodejs\node.exe C:\Users\This PC\AppData\Roaming\npm\node_modules\firebase-tools\lib\bin\firebase.js emulators:start
[debug] [2023-10-29T07:42:02.197Z] CLI Version:   12.7.0
[debug] [2023-10-29T07:42:02.197Z] Platform:      win32
[debug] [2023-10-29T07:42:02.197Z] Node Version:  v16.17.0
[debug] [2023-10-29T07:42:02.202Z] Time:          Sun Oct 29 2023 14:42:02 GMT+0700 (Indochina Time)
[debug] [2023-10-29T07:42:02.202Z] ----------------------------------------------------------------------
[debug] 
[debug] [2023-10-29T07:42:02.254Z] > command requires scopes: ["email","openid","https://www.googleapis.com/auth/cloudplatformprojects.readonly","https://www.googleapis.com/auth/firebase","https://www.googleapis.com/auth/cloud-platform"]
[debug] [2023-10-29T07:42:02.254Z] > authorizing via signed-in user (ngoctranbk95@gmail.com)
[debug] [2023-10-29T07:42:02.405Z] java version "19.0.1" 2022-10-18

[debug] [2023-10-29T07:42:02.406Z] Java(TM) SE Runtime Environment (build 19.0.1+10-21)
Java HotSpot(TM) 64-Bit Server VM (build 19.0.1+10-21, mixed mode, sharing)

[debug] [2023-10-29T07:42:02.445Z] Parsed Java major version: 19
[info] i  emulators: Starting emulators: auth, firestore {"metadata":{"emulator":{"name":"hub"},"message":"Starting emulators: auth, firestore"}}
[debug] [2023-10-29T07:42:02.484Z] [logging] Logging Emulator only supports listening on one address (127.0.0.1). Not listening on ::1
[debug] [2023-10-29T07:42:02.484Z] [auth] Authentication Emulator only supports listening on one address (127.0.0.1). Not listening on ::1
[debug] [2023-10-29T07:42:02.484Z] [firestore] Firestore Emulator only supports listening on one address (127.0.0.1). Not listening on ::1
[debug] [2023-10-29T07:42:02.484Z] [firestore.websocket] websocket server for firestore only supports listening on one address (127.0.0.1). Not listening on ::1
[debug] [2023-10-29T07:42:02.484Z] assigned listening specs for emulators {"user":{"hub":[{"address":"127.0.0.1","family":"IPv4","port":4400},{"address":"::1","family":"IPv6","port":4400}],"ui":[{"address":"127.0.0.1","family":"IPv4","port":4000},{"address":"::1","family":"IPv6","port":4000}],"logging":[{"address":"127.0.0.1","family":"IPv4","port":4500}],"auth":[{"address":"127.0.0.1","family":"IPv4","port":9099}],"firestore":[{"address":"127.0.0.1","family":"IPv4","port":8080}],"firestore.websocket":[{"address":"127.0.0.1","family":"IPv4","port":9150}]},"metadata":{"message":"assigned listening specs for emulators"}}
[warn] !  emulators: It seems that you are running multiple instances of the emulator suite for project sasa-tuition. This may result in unexpected behavior. 
[debug] [2023-10-29T07:42:02.495Z] [hub] writing locator at C:\Users\THISPC~1\AppData\Local\Temp\hub-sasa-tuition.json
[debug] [2023-10-29T07:42:02.503Z] Ignoring unsupported arg: auto_download {"metadata":{"emulator":{"name":"firestore"},"message":"Ignoring unsupported arg: auto_download"}}
[debug] [2023-10-29T07:42:02.503Z] Ignoring unsupported arg: single_project_mode_error {"metadata":{"emulator":{"name":"firestore"},"message":"Ignoring unsupported arg: single_project_mode_error"}}
[debug] [2023-10-29T07:42:02.503Z] Starting Firestore Emulator with command {"binary":"java","args":["-Dgoogle.cloud_firestore.debug_log_level=FINE","-Duser.language=en","-jar","C:\\Users\\This PC\\.cache\\firebase\\emulators\\cloud-firestore-emulator-v1.18.2.jar","--host","127.0.0.1","--port",8080,"--websocket_port",9150,"--project_id","sasa-tuition","--rules","D:\\Workspace\\Self-projects\\sasa-tuition\\firestore.rules","--single_project_mode",true],"optionalArgs":["port","webchannel_port","host","rules","websocket_port","functions_emulator","seed_from_export","project_id","single_project_mode"],"joinArgs":false} {"metadata":{"emulator":{"name":"firestore"},"message":"Starting Firestore Emulator with command {\"binary\":\"java\",\"args\":[\"-Dgoogle.cloud_firestore.debug_log_level=FINE\",\"-Duser.language=en\",\"-jar\",\"C:\\\\Users\\\\This PC\\\\.cache\\\\firebase\\\\emulators\\\\cloud-firestore-emulator-v1.18.2.jar\",\"--host\",\"127.0.0.1\",\"--port\",8080,\"--websocket_port\",9150,\"--project_id\",\"sasa-tuition\",\"--rules\",\"D:\\\\Workspace\\\\Self-projects\\\\sasa-tuition\\\\firestore.rules\",\"--single_project_mode\",true],\"optionalArgs\":[\"port\",\"webchannel_port\",\"host\",\"rules\",\"websocket_port\",\"functions_emulator\",\"seed_from_export\",\"project_id\",\"single_project_mode\"],\"joinArgs\":false}"}}
[info] i  firestore: Firestore Emulator logging to firestore-debug.log {"metadata":{"emulator":{"name":"firestore"},"message":"Firestore Emulator logging to \u001b[1mfirestore-debug.log\u001b[22m"}}
[info] +  firestore: Firestore Emulator UI websocket is running on 9150. {"metadata":{"emulator":{"name":"firestore"},"message":"Firestore Emulator UI websocket is running on 9150."}}
[debug] [2023-10-29T07:42:08.963Z] Ignoring unsupported arg: auto_download {"metadata":{"emulator":{"name":"ui"},"message":"Ignoring unsupported arg: auto_download"}}
[debug] [2023-10-29T07:42:08.963Z] Ignoring unsupported arg: port {"metadata":{"emulator":{"name":"ui"},"message":"Ignoring unsupported arg: port"}}
[debug] [2023-10-29T07:42:08.963Z] Starting Emulator UI with command {"binary":"node","args":["C:\\Users\\This PC\\.cache\\firebase\\emulators\\ui-v1.11.7\\server\\server.js"],"optionalArgs":[],"joinArgs":false} {"metadata":{"emulator":{"name":"ui"},"message":"Starting Emulator UI with command {\"binary\":\"node\",\"args\":[\"C:\\\\Users\\\\This PC\\\\.cache\\\\firebase\\\\emulators\\\\ui-v1.11.7\\\\server\\\\server.js\"],\"optionalArgs\":[],\"joinArgs\":false}"}}
[info] i  ui: Emulator UI logging to ui-debug.log {"metadata":{"emulator":{"name":"ui"},"message":"Emulator UI logging to \u001b[1mui-debug.log\u001b[22m"}}
[debug] [2023-10-29T07:42:09.072Z] Web / API server started at 127.0.0.1:4000
 {"metadata":{"emulator":{"name":"ui"},"message":"Web / API server started at 127.0.0.1:4000\n"}}
[debug] [2023-10-29T07:42:09.072Z] Web / API server started at ::1:4000
 {"metadata":{"emulator":{"name":"ui"},"message":"Web / API server started at ::1:4000\n"}}
[info] 
┌─────────────────────────────────────────────────────────────┐
│ ✔  All emulators ready! It is now safe to connect your app. │
│ i  View Emulator UI at http://127.0.0.1:4000/               │
└─────────────────────────────────────────────────────────────┘

┌────────────────┬────────────────┬─────────────────────────────────┐
│ Emulator       │ Host:Port      │ View in Emulator UI             │
├────────────────┼────────────────┼─────────────────────────────────┤
│ Authentication │ 127.0.0.1:9099 │ http://127.0.0.1:4000/auth      │
├────────────────┼────────────────┼─────────────────────────────────┤
│ Firestore      │ 127.0.0.1:8080 │ http://127.0.0.1:4000/firestore │
└────────────────┴────────────────┴─────────────────────────────────┘
  Emulator Hub running at 127.0.0.1:4400
  Other reserved ports: 4500, 9150

Issues? Report them at https://github.com/firebase/firebase-tools/issues and attach the *-debug.log files.
 
